Change Component Designator: Old Designator=C? New Designator=C1
Change Component Designator: Old Designator=C? New Designator=C2
Change Component Designator: Old Designator=C? New Designator=C3
Change Component Designator: Old Designator=C? New Designator=C4
Change Component Designator: Old Designator=C? New Designator=C5
Change Component Designator: Old Designator=C? New Designator=C6
Change Component Designator: Old Designator=C? New Designator=C7
Change Component Designator: Old Designator=C? New Designator=C8
Change Component Designator: Old Designator=D1 New Designator=D3
Change Component Designator: Old Designator=D1 New Designator=D5
Change Component Designator: Old Designator=D1 New Designator=D7
Change Component Designator: Old Designator=D2 New Designator=D4
Change Component Designator: Old Designator=D2 New Designator=D6
Change Component Designator: Old Designator=D2 New Designator=D8
Change Component Designator: Old Designator=P? New Designator=P1
Change Component Designator: Old Designator=P? New Designator=P2
Change Component Designator: Old Designator=P? New Designator=P3
Change Component Designator: Old Designator=P? New Designator=P4
Change Component Designator: Old Designator=P? New Designator=P5
Change Component Designator: Old Designator=P? New Designator=P6
Change Component Designator: Old Designator=P? New Designator=P7
Change Component Designator: Old Designator=P? New Designator=P8
Change Component Designator: Old Designator=Q1 New Designator=Q4
Change Component Designator: Old Designator=Q1 New Designator=Q7
Change Component Designator: Old Designator=Q1 New Designator=Q10
Change Component Designator: Old Designator=Q2 New Designator=Q3
Change Component Designator: Old Designator=Q2 New Designator=Q5
Change Component Designator: Old Designator=Q2 New Designator=Q6
Change Component Designator: Old Designator=Q2 New Designator=Q8
Change Component Designator: Old Designator=Q2 New Designator=Q9
Change Component Designator: Old Designator=Q2 New Designator=Q11
Change Component Designator: Old Designator=Q2 New Designator=Q12
Change Component Designator: Old Designator=R1 New Designator=R4
Change Component Designator: Old Designator=R1 New Designator=R8
Change Component Designator: Old Designator=R1 New Designator=R11
Change Component Designator: Old Designator=R1 New Designator=R15
Change Component Designator: Old Designator=R1 New Designator=R18
Change Component Designator: Old Designator=R1 New Designator=R22
Change Component Designator: Old Designator=R1 New Designator=R25
Change Component Designator: Old Designator=R2 New Designator=R3
Change Component Designator: Old Designator=R2 New Designator=R9
Change Component Designator: Old Designator=R2 New Designator=R10
Change Component Designator: Old Designator=R2 New Designator=R16
Change Component Designator: Old Designator=R2 New Designator=R17
Change Component Designator: Old Designator=R2 New Designator=R23
Change Component Designator: Old Designator=R2 New Designator=R24
Change Component Designator: Old Designator=R3 New Designator=R5
Change Component Designator: Old Designator=R3 New Designator=R7
Change Component Designator: Old Designator=R3 New Designator=R12
Change Component Designator: Old Designator=R3 New Designator=R14
Change Component Designator: Old Designator=R3 New Designator=R19
Change Component Designator: Old Designator=R3 New Designator=R21
Change Component Designator: Old Designator=R3 New Designator=R26
Change Component Designator: Old Designator=R3 New Designator=R28
Change Component Designator: Old Designator=R4 New Designator=R6
Change Component Designator: Old Designator=R4 New Designator=R13
Change Component Designator: Old Designator=R4 New Designator=R20
Change Component Designator: Old Designator=R4 New Designator=R27
Change Component Designator: Old Designator=U? New Designator=U1
Change Component Designator: Old Designator=U? New Designator=U2
Change Component Designator: Old Designator=U? New Designator=U3
Change Component Designator: Old Designator=U? New Designator=U4
